<?xml version="1.0" encoding="UTF-8"?>
<robot generator="Robot 5.0.1 (Python 3.10.5 on win32)" generated="20220808 15:58:35.860" rpa="false" schemaversion="3">
<suite id="s1" name="Amazon Testes Gherkin Bdd" source="C:\MeusTestesAutomatizados\CursoUdemy\RobotFramework\WebTesting\amazon_testes_gherkin_bdd.robot">
<test id="s1-t1" name="Caso de Teste 02 - Pesquisa de um Produto" line="19">
<kw name="Abrir o navegador" library="amazon_resources" type="SETUP">
<kw name="Open Browser" library="SeleniumLibrary">
<arg>browser=chrome</arg>
<doc>Opens a new browser instance to the optional ``url``.</doc>
<msg timestamp="20220808 15:58:36.563" level="INFO">Opening browser 'chrome' to base url 'None'.</msg>
<status status="PASS" starttime="20220808 15:58:36.563" endtime="20220808 15:58:41.156"/>
</kw>
<kw name="Maximize Browser Window" library="SeleniumLibrary">
<doc>Maximizes current browser window.</doc>
<status status="PASS" starttime="20220808 15:58:41.157" endtime="20220808 15:58:41.806"/>
</kw>
<status status="PASS" starttime="20220808 15:58:36.561" endtime="20220808 15:58:41.806"/>
</kw>
<kw name="Dado que estou na home page da Amazon.com.br" library="amazon_resources">
<kw name="Acessar a home page do site Amazon.com.br" library="amazon_resources">
<kw name="Go To" library="SeleniumLibrary">
<arg>url=${url}</arg>
<doc>Navigates the current browser window to the provided ``url``.</doc>
<msg timestamp="20220808 15:58:41.898" level="INFO">Opening url 'https://www.amazon.com.br/'</msg>
<status status="PASS" starttime="20220808 15:58:41.897" endtime="20220808 15:58:46.118"/>
</kw>
<kw name="Wait Until Element Is Visible" library="SeleniumLibrary">
<arg>locator=${Menu_Eletronicos}</arg>
<doc>Waits until the element ``locator`` is visible.</doc>
<status status="PASS" starttime="20220808 15:58:46.119" endtime="20220808 15:58:47.505"/>
</kw>
<status status="PASS" starttime="20220808 15:58:41.896" endtime="20220808 15:58:47.505"/>
</kw>
<kw name="Verificar se o título da página fica &quot;Amazon.com.br | Tudo pra você, de A a Z.&quot;" library="amazon_resources" sourcename="Verificar se o título da página fica &quot;${Titulo}&quot;">
<kw name="Title Should Be" library="SeleniumLibrary">
<arg>title=${Titulo}</arg>
<doc>Verifies that the current page title equals ``title``.</doc>
<msg timestamp="20220808 15:58:47.725" level="INFO">Page title is 'Amazon.com.br | Tudo pra você, de A a Z.'.</msg>
<status status="PASS" starttime="20220808 15:58:47.507" endtime="20220808 15:58:47.725"/>
</kw>
<status status="PASS" starttime="20220808 15:58:47.506" endtime="20220808 15:58:47.725"/>
</kw>
<status status="PASS" starttime="20220808 15:58:41.893" endtime="20220808 15:58:47.726"/>
</kw>
<kw name="Quando pesquisar pelo produto &quot;Xbox Series S&quot;" library="amazon_resources">
<kw name="Digitar o nome de produto &quot;Xbox Series S&quot; no campo de pesquisa" library="amazon_resources">
<kw name="Input Text" library="SeleniumLibrary">
<arg>locator=twotabsearchtextbox</arg>
<arg>text=Xbox Series S</arg>
<doc>Types the given ``text`` into the text field identified by ``locator``.</doc>
<msg timestamp="20220808 15:58:47.728" level="INFO">Typing text 'Xbox Series S' into text field 'twotabsearchtextbox'.</msg>
<status status="PASS" starttime="20220808 15:58:47.728" endtime="20220808 15:58:48.608"/>
</kw>
<status status="PASS" starttime="20220808 15:58:47.727" endtime="20220808 15:58:48.608"/>
</kw>
<kw name="Clicar no botão de pesquisa" library="amazon_resources">
<kw name="Click Element" library="SeleniumLibrary">
<arg>locator=nav-search-submit-text</arg>
<doc>Click the element identified by ``locator``.</doc>
<msg timestamp="20220808 15:58:48.610" level="INFO">Clicking element 'nav-search-submit-text'.</msg>
<status status="PASS" starttime="20220808 15:58:48.609" endtime="20220808 15:58:51.973"/>
</kw>
<status status="PASS" starttime="20220808 15:58:48.609" endtime="20220808 15:58:51.973"/>
</kw>
<status status="PASS" starttime="20220808 15:58:47.726" endtime="20220808 15:58:51.973"/>
</kw>
<kw name="Então o título da página deve ficar &quot;Amazon.com.br : Xbox Series S&quot;" library="amazon_resources">
<kw name="Verificar se o título da página fica &quot;Amazon.com.br : Xbox Series S&quot;" library="amazon_resources" sourcename="Verificar se o título da página fica &quot;${Titulo}&quot;">
<kw name="Title Should Be" library="SeleniumLibrary">
<arg>title=${Titulo}</arg>
<doc>Verifies that the current page title equals ``title``.</doc>
<msg timestamp="20220808 15:58:51.982" level="INFO">Page title is 'Amazon.com.br : Xbox Series S'.</msg>
<status status="PASS" starttime="20220808 15:58:51.976" endtime="20220808 15:58:51.982"/>
</kw>
<status status="PASS" starttime="20220808 15:58:51.976" endtime="20220808 15:58:51.982"/>
</kw>
<status status="PASS" starttime="20220808 15:58:51.975" endtime="20220808 15:58:51.983"/>
</kw>
<kw name="E um produto da linha &quot;Xbox Series S&quot; deve ser mostrado na página" library="amazon_resources">
<kw name="Verificar o resultado da pesquisa, se está listando o produto &quot;Console Xbox Series S&quot;" library="amazon_resources" sourcename="Verificar o resultado da pesquisa, se está listando o produto &quot;${Produto}&quot;">
<kw name="Wait Until Element Is Visible" library="SeleniumLibrary">
<arg>locator=//img[contains(@alt,'${Produto}')]</arg>
<doc>Waits until the element ``locator`` is visible.</doc>
<status status="PASS" starttime="20220808 15:58:51.984" endtime="20220808 15:58:52.057"/>
</kw>
<status status="PASS" starttime="20220808 15:58:51.983" endtime="20220808 15:58:52.058"/>
</kw>
<status status="PASS" starttime="20220808 15:58:51.983" endtime="20220808 15:58:52.058"/>
</kw>
<kw name="Fechar o navegador" library="amazon_resources" type="TEARDOWN">
<kw name="Capture Page Screenshot" library="SeleniumLibrary">
<doc>Takes a screenshot of the current page and embeds it into a log file.</doc>
<msg timestamp="20220808 15:58:53.856" level="INFO" html="true">&lt;/td&gt;&lt;/tr&gt;&lt;tr&gt;&lt;td colspan="3"&gt;&lt;a href="selenium-screenshot-4.png"&gt;&lt;img src="selenium-screenshot-4.png" width="800px"&gt;&lt;/a&gt;</msg>
<status status="PASS" starttime="20220808 15:58:52.060" endtime="20220808 15:58:53.856"/>
</kw>
<kw name="Close Browser" library="SeleniumLibrary">
<doc>Closes the current browser.</doc>
<status status="PASS" starttime="20220808 15:58:53.856" endtime="20220808 15:58:56.917"/>
</kw>
<status status="PASS" starttime="20220808 15:58:52.059" endtime="20220808 15:58:56.917"/>
</kw>
<doc>Esse teste verifica a busca de um produto</doc>
<tag>busca_produtos</tag>
<tag>lista_busca</tag>
<status status="PASS" starttime="20220808 15:58:36.560" endtime="20220808 15:58:56.920"/>
</test>
<doc>Essa suite testa o site da Amazon.com.br</doc>
<status status="PASS" starttime="20220808 15:58:35.865" endtime="20220808 15:58:56.927"/>
</suite>
<statistics>
<total>
<stat pass="1" fail="0" skip="0">All Tests</stat>
</total>
<tag>
<stat pass="1" fail="0" skip="0">busca_produtos</stat>
<stat pass="1" fail="0" skip="0">lista_busca</stat>
</tag>
<suite>
<stat pass="1" fail="0" skip="0" id="s1" name="Amazon Testes Gherkin Bdd">Amazon Testes Gherkin Bdd</stat>
</suite>
</statistics>
<errors>
</errors>
</robot>
